<?xml version="1.0" encoding="UTF-8"?>
<!-- Generated by org.testng.reporters.JUnitReportReporter -->
<testsuite skipped="0" hostname="DESKTOP-SNOP15S" name="week5.day1.CreateLead" tests="1" failures="0" timestamp="2019-07-27T10:25:13 IST" time="22.014" errors="0">
  <testcase name="runCreateLead" time="22.014" classname="week5.day1.CreateLead"/>
</testsuite> <!-- week5.day1.CreateLead -->
